2019-01-02 01:45:50,713 - ERROR - error ...
2019-01-02 01:51:11,142 - ERROR - error ...
2019-01-02 01:51:46,635 - ERROR - error ...
2019-01-02 01:52:01,053 - INFO - start check config table ...
2019-01-02 01:52:01,055 - ERROR - error ...
2019-01-02 01:55:24,967 - INFO - start check config table ...
2019-01-02 01:55:24,967 - ERROR - error ...
2019-01-02 01:59:27,426 - INFO - start check config table ...
2019-01-02 01:59:27,426 - ERROR - error ...
2019-01-02 02:01:32,977 - INFO - start check config table ...
2019-01-02 02:01:32,977 - ERROR - error ...
2019-01-02 02:04:04,214 - INFO - start check config table ...
2019-01-02 02:04:04,214 - ERROR - error ...
2019-01-02 02:04:37,688 - INFO - start check config table ...
2019-01-02 02:04:37,690 - ERROR - error ...
2019-01-02 02:11:05,082 - INFO - start check config table ...
2019-01-02 02:11:05,082 - INFO - get config rows ...
2019-01-02 02:11:49,901 - INFO - start check config table ...
2019-01-02 02:11:49,901 - INFO - get config rows ...
2019-01-02 02:12:09,072 - INFO - start check config table ...
2019-01-02 02:12:09,072 - INFO - get config rows ...
2019-01-02 02:12:52,234 - INFO - start check config table ...
2019-01-02 02:12:52,234 - INFO - get config rows ...
2019-01-02 02:13:29,908 - INFO - start check config table ...
2019-01-02 02:13:29,908 - INFO - get config rows ...
2019-01-02 02:13:54,862 - INFO - start check config table ...
2019-01-02 02:13:54,862 - INFO - get config rows ...
2019-01-02 02:14:47,078 - INFO - start check config table ...
2019-01-02 02:14:47,078 - INFO - get config rows ...
2019-01-02 02:15:07,599 - INFO - start check config table ...
2019-01-02 02:15:07,599 - INFO - get config rows ...
2019-01-02 02:16:35,865 - INFO - start check config table ...
2019-01-02 02:16:35,865 - INFO - get config rows ...
2019-01-02 02:16:52,098 - INFO - start check config table ...
2019-01-02 02:16:52,098 - INFO - get config rows ...
2019-01-02 02:18:42,380 - INFO - start check config table ...
2019-01-02 02:18:42,380 - INFO - get config rows ...
2019-01-02 02:24:43,928 - INFO - start check config table ...
2019-01-02 02:24:43,928 - INFO - get connection ...
2019-01-02 02:24:44,944 - INFO - get qconfig data ...
2019-01-02 02:25:13,750 - INFO - start check config table ...
2019-01-02 02:25:13,750 - INFO - get connection ...
2019-01-02 02:25:14,778 - INFO - get qconfig data ...
2019-01-02 02:25:22,549 - INFO - start check config table ...
2019-01-02 02:25:22,549 - INFO - get connection ...
2019-01-02 02:25:23,578 - INFO - get qconfig data ...
2019-01-02 02:26:00,506 - INFO - start check config table ...
2019-01-02 02:26:00,506 - INFO - get connection ...
2019-01-02 02:26:01,535 - INFO - get qconfig data ...
2019-01-02 02:26:32,793 - INFO - start check config table ...
2019-01-02 02:26:32,793 - INFO - get connection ...
2019-01-02 02:26:33,819 - INFO - get qconfig data ...
2019-01-02 02:26:45,627 - INFO - start check config table ...
2019-01-02 02:26:45,628 - INFO - get connection ...
2019-01-02 02:26:46,644 - INFO - get qconfig data ...
2019-01-02 02:27:23,599 - INFO - start check config table ...
2019-01-02 02:27:23,601 - INFO - get connection ...
2019-01-02 02:27:24,618 - INFO - get qconfig data ...
2019-01-02 02:28:13,845 - INFO - start check config table ...
2019-01-02 02:28:13,845 - INFO - get connection ...
2019-01-02 02:28:14,874 - INFO - get qconfig data ...
2019-01-02 02:28:45,378 - INFO - start check config table ...
2019-01-02 02:28:45,380 - INFO - get connection ...
2019-01-02 02:28:46,408 - INFO - get qconfig data ...
2019-01-02 02:33:41,065 - INFO - start check config table ...
2019-01-02 02:33:41,065 - INFO - get connection ...
2019-01-02 02:33:42,104 - INFO - get qconfig data ...
2019-01-02 02:33:42,127 - INFO - load config.ini ...
2019-01-02 02:48:41,516 - INFO - start check config table ...
2019-01-02 02:48:41,517 - INFO - get connection ...
2019-01-02 02:48:42,543 - INFO - get qconfig data ...
2019-01-02 02:48:42,559 - INFO - load config.ini ...
2019-01-02 02:48:42,561 - INFO - start check ...
2019-01-02 02:49:00,042 - INFO - start check config table ...
2019-01-02 02:49:00,043 - INFO - get connection ...
2019-01-02 02:49:01,069 - INFO - get qconfig data ...
2019-01-02 02:49:01,078 - INFO - load config.ini ...
2019-01-02 02:49:01,079 - INFO - start check ...
2019-01-02 02:49:43,221 - INFO - start check config table ...
2019-01-02 02:49:43,221 - INFO - get connection ...
2019-01-02 02:49:44,249 - INFO - get qconfig data ...
2019-01-02 02:49:44,257 - INFO - load config.ini ...
2019-01-02 02:49:44,259 - INFO - start check ...
2019-01-02 02:50:25,052 - INFO - start check config table ...
2019-01-02 02:50:25,052 - INFO - get connection ...
2019-01-02 02:50:26,078 - INFO - get qconfig data ...
2019-01-02 02:50:26,085 - INFO - load config.ini ...
2019-01-02 02:50:26,086 - INFO - start check ...
2019-01-02 02:50:45,364 - INFO - start check config table ...
2019-01-02 02:50:45,364 - INFO - get connection ...
2019-01-02 02:50:46,382 - INFO - get qconfig data ...
2019-01-02 02:50:46,410 - INFO - load config.ini ...
2019-01-02 02:50:46,411 - INFO - start check ...
2019-01-02 02:54:42,042 - INFO - start check config table ...
2019-01-02 02:54:42,042 - INFO - get connection ...
2019-01-02 02:54:43,066 - INFO - get qconfig data ...
2019-01-02 02:54:43,078 - INFO - load config.ini ...
2019-01-02 02:54:43,079 - INFO - start check ...
2019-01-02 02:55:06,683 - INFO - start check config table ...
2019-01-02 02:55:06,683 - INFO - get connection ...
2019-01-02 02:55:07,709 - INFO - get qconfig data ...
2019-01-02 02:55:07,719 - INFO - load config.ini ...
2019-01-02 02:55:07,720 - INFO - start check ...
2019-01-02 02:55:26,658 - INFO - start check config table ...
2019-01-02 02:55:26,660 - INFO - get connection ...
2019-01-02 02:55:27,676 - INFO - get qconfig data ...
2019-01-02 02:55:27,686 - INFO - load config.ini ...
2019-01-02 02:55:27,686 - INFO - start check ...
2019-01-02 03:07:14,644 - INFO - start check config table ...
2019-01-02 03:07:14,644 - INFO - get connection ...
2019-01-02 03:07:15,661 - INFO - get qconfig data ...
2019-01-02 03:07:15,677 - INFO - load config.ini ...
2019-01-02 03:07:15,680 - INFO - start check ...
2019-01-02 03:09:19,885 - INFO - start check config table ...
2019-01-02 03:09:19,885 - INFO - get connection ...
2019-01-02 03:09:20,914 - INFO - get qconfig data ...
2019-01-02 03:09:20,931 - INFO - load config.ini ...
2019-01-02 03:09:20,934 - INFO - start check ...
2019-01-02 03:10:31,986 - INFO - start check config table ...
2019-01-02 03:10:31,986 - INFO - get connection ...
2019-01-02 03:10:33,013 - INFO - get qconfig data ...
2019-01-02 03:10:33,032 - INFO - load config.ini ...
2019-01-02 03:10:33,033 - INFO - start check ...
2019-01-02 03:10:33,035 - INFO - SaveDialCsv row is config error ...
2019-01-02 03:10:33,035 - INFO - ServerAddress row is config error ...
2019-01-02 03:12:26,490- INFO - start check config table ... - F:/Work/PythonProj/configchk/src/AppMain.py - <module> - 18
2019-01-02 03:12:26,490- INFO - get connection ... - F:/Work/PythonProj/configchk/src/AppMain.py - <module> - 21
2019-01-02 03:12:27,517- INFO - get qconfig data ... - F:/Work/PythonProj/configchk/src/AppMain.py - <module> - 26
2019-01-02 03:12:27,536- INFO - load config.ini ... - F:/Work/PythonProj/configchk/src/AppMain.py - <module> - 30
2019-01-02 03:12:27,536- INFO - start check ... - F:/Work/PythonProj/configchk/src/AppMain.py - <module> - 34
2019-01-02 03:12:27,538- INFO - SaveDialCsv row is config error ... - F:/Work/PythonProj/configchk/src\check\CheckConfig.py - check_row - 41
2019-01-02 03:12:27,539- INFO - ServerAddress row is config error ... - F:/Work/PythonProj/configchk/src\check\CheckConfig.py - check_row - 52
2019-01-02 03:12:49,884- INFO - start check config table ... - F:/Work/PythonProj/configchk/src/AppMain.py - <module> - 18
2019-01-02 03:12:49,884- INFO - get connection ... - F:/Work/PythonProj/configchk/src/AppMain.py - <module> - 21
2019-01-02 03:12:50,921- INFO - get qconfig data ... - F:/Work/PythonProj/configchk/src/AppMain.py - <module> - 26
2019-01-02 03:12:50,931- INFO - load config.ini ... - F:/Work/PythonProj/configchk/src/AppMain.py - <module> - 30
2019-01-02 03:12:50,934- INFO - start check ... - F:/Work/PythonProj/configchk/src/AppMain.py - <module> - 34
2019-01-02 03:12:50,934- INFO - SaveDialCsv row is config error ... - F:/Work/PythonProj/configchk/src\check\CheckConfig.py - check_row - 41
2019-01-02 03:12:50,934- INFO - ServerAddress row is config error ... - F:/Work/PythonProj/configchk/src\check\CheckConfig.py - check_row - 52
2019-01-02 03:13:32,684- INFO - F:/Work/PythonProj/configchk/src/AppMain.py - <module> - 18 - start check config table ...
2019-01-02 03:13:32,684- INFO - F:/Work/PythonProj/configchk/src/AppMain.py - <module> - 21 - get connection ...
2019-01-02 03:13:33,720- INFO - F:/Work/PythonProj/configchk/src/AppMain.py - <module> - 26 - get qconfig data ...
2019-01-02 03:13:33,730- INFO - F:/Work/PythonProj/configchk/src/AppMain.py - <module> - 30 - load config.ini ...
2019-01-02 03:13:33,730- INFO - F:/Work/PythonProj/configchk/src/AppMain.py - <module> - 34 - start check ...
2019-01-02 03:13:33,730- INFO - F:/Work/PythonProj/configchk/src\check\CheckConfig.py - check_row - 41 - SaveDialCsv row is config error ...
2019-01-02 03:13:33,732- INFO - F:/Work/PythonProj/configchk/src\check\CheckConfig.py - check_row - 52 - ServerAddress row is config error ...
2019-01-02 03:14:12,105- INFO - F:/Work/PythonProj/configchk/src/AppMain.py - <module> - 18 - start check config table ...
2019-01-02 03:14:12,105- INFO - F:/Work/PythonProj/configchk/src/AppMain.py - <module> - 21 - get connection ...
2019-01-02 03:14:13,124- INFO - F:/Work/PythonProj/configchk/src/AppMain.py - <module> - 26 - get qconfig data ...
2019-01-02 03:14:13,144- INFO - F:/Work/PythonProj/configchk/src/AppMain.py - <module> - 30 - load config.ini ...
2019-01-02 03:14:13,147- INFO - F:/Work/PythonProj/configchk/src/AppMain.py - <module> - 34 - start check ...
2019-01-02 03:14:13,147- INFO - F:/Work/PythonProj/configchk/src\check\CheckConfig.py - check_row - 41 - SaveDialCsv row is config error ...
2019-01-02 03:14:13,148- INFO - F:/Work/PythonProj/configchk/src\check\CheckConfig.py - check_row - 52 - ServerAddress row is config error ...
2019-01-02 03:15:32,180- INFO - F:/Work/PythonProj/configchk/src/AppMain.py - <module>(18) : start check config table ...
2019-01-02 03:15:32,180- INFO - F:/Work/PythonProj/configchk/src/AppMain.py - <module>(21) : get connection ...
2019-01-02 03:15:33,204- INFO - F:/Work/PythonProj/configchk/src/AppMain.py - <module>(26) : get qconfig data ...
2019-01-02 03:15:33,216- INFO - F:/Work/PythonProj/configchk/src/AppMain.py - <module>(30) : load config.ini ...
2019-01-02 03:15:33,217- INFO - F:/Work/PythonProj/configchk/src/AppMain.py - <module>(34) : start check ...
2019-01-02 03:16:20,551- INFO - F:/Work/PythonProj/configchk/src\check\CheckConfig.py - check_row(41) : SaveDialCsv row is config error ...
2019-01-02 03:16:20,552- INFO - F:/Work/PythonProj/configchk/src\check\CheckConfig.py - check_row(52) : ServerAddress row is config error ...
2019-01-02 03:17:16,221- INFO - F:/Work/PythonProj/configchk/src/AppMain.py - <module>(18) : start check config table ...
2019-01-02 03:17:16,223- INFO - F:/Work/PythonProj/configchk/src/AppMain.py - <module>(21) : get connection ...
2019-01-02 03:17:17,247- INFO - F:/Work/PythonProj/configchk/src/AppMain.py - <module>(26) : get qconfig data ...
2019-01-02 03:17:17,263- INFO - F:/Work/PythonProj/configchk/src/AppMain.py - <module>(30) : load config.ini ...
2019-01-02 03:17:17,266- INFO - F:/Work/PythonProj/configchk/src/AppMain.py - <module>(34) : start check ...
2019-01-02 03:17:17,267- INFO - F:/Work/PythonProj/configchk/src\check\CheckConfig.py - check_row(52) : ServerAddress row is config error ...
2019-01-02 03:17:33,272- INFO - F:/Work/PythonProj/configchk/src/AppMain.py - <module>(18) : start check config table ...
2019-01-02 03:17:33,272- INFO - F:/Work/PythonProj/configchk/src/AppMain.py - <module>(21) : get connection ...
2019-01-02 03:17:34,290- INFO - F:/Work/PythonProj/configchk/src/AppMain.py - <module>(26) : get qconfig data ...
2019-01-02 03:17:34,319- INFO - F:/Work/PythonProj/configchk/src/AppMain.py - <module>(30) : load config.ini ...
2019-01-02 03:17:34,319- INFO - F:/Work/PythonProj/configchk/src/AppMain.py - <module>(34) : start check ...
2019-01-02 03:17:59,640- INFO - F:/Work/PythonProj/configchk/src\check\CheckConfig.py - check_row(52) : ServerAddress row is config error ...
2019-01-02 03:18:29,569- INFO - F:/Work/PythonProj/configchk/src/AppMain.py - <module>(18) : start check config table ...
2019-01-02 03:18:29,569- INFO - F:/Work/PythonProj/configchk/src/AppMain.py - <module>(21) : get connection ...
2019-01-02 03:18:30,598- INFO - F:/Work/PythonProj/configchk/src/AppMain.py - <module>(26) : get qconfig data ...
2019-01-02 03:18:30,619- INFO - F:/Work/PythonProj/configchk/src/AppMain.py - <module>(30) : load config.ini ...
2019-01-02 03:18:30,622- INFO - F:/Work/PythonProj/configchk/src/AppMain.py - <module>(34) : start check ...
2019-01-02 03:18:30,624- INFO - F:/Work/PythonProj/configchk/src\check\CheckConfig.py - check_row(52) : ServerAddress row is config error ...
2019-01-02 03:18:48,088- INFO - F:/Work/PythonProj/configchk/src/AppMain.py - <module>(18) : start check config table ...
2019-01-02 03:18:48,088- INFO - F:/Work/PythonProj/configchk/src/AppMain.py - <module>(21) : get connection ...
2019-01-02 03:18:49,117- INFO - F:/Work/PythonProj/configchk/src/AppMain.py - <module>(26) : get qconfig data ...
2019-01-02 03:18:49,141- INFO - F:/Work/PythonProj/configchk/src/AppMain.py - <module>(30) : load config.ini ...
2019-01-02 03:18:49,142- INFO - F:/Work/PythonProj/configchk/src/AppMain.py - <module>(34) : start check ...
2019-01-02 03:19:08,078- INFO - F:/Work/PythonProj/configchk/src\check\CheckConfig.py - check_row(52) : ServerAddress row is config error ...
2019-01-02 03:19:49,246- INFO - F:/Work/PythonProj/configchk/src/AppMain.py - <module>(18) : start check config table ...
2019-01-02 03:19:49,247- INFO - F:/Work/PythonProj/configchk/src/AppMain.py - <module>(21) : get connection ...
2019-01-02 03:19:50,270- INFO - F:/Work/PythonProj/configchk/src/AppMain.py - <module>(26) : get qconfig data ...
2019-01-02 03:19:50,279- INFO - F:/Work/PythonProj/configchk/src/AppMain.py - <module>(30) : load config.ini ...
2019-01-02 03:19:50,280- INFO - F:/Work/PythonProj/configchk/src/AppMain.py - <module>(34) : start check ...
2019-01-02 03:22:37,124- INFO - F:/Work/PythonProj/configchk/src/AppMain.py - <module>(18) : start check config table ...
2019-01-02 03:22:37,124- INFO - F:/Work/PythonProj/configchk/src/AppMain.py - <module>(21) : get connection ...
2019-01-02 03:22:38,140- INFO - F:/Work/PythonProj/configchk/src/AppMain.py - <module>(26) : get qconfig data ...
2019-01-02 03:22:38,154- INFO - F:/Work/PythonProj/configchk/src/AppMain.py - <module>(30) : load config.ini ...
2019-01-02 03:22:38,155- INFO - F:/Work/PythonProj/configchk/src/AppMain.py - <module>(34) : start check ...
2019-01-02 03:22:38,158- INFO - F:/Work/PythonProj/configchk/src\check\CheckConfig.py - check_row(49) : ServerAddress row is config error ...
2019-01-02 03:23:03,405- INFO - F:/Work/PythonProj/configchk/src/AppMain.py - <module>(18) : start check config table ...
2019-01-02 03:23:03,405- INFO - F:/Work/PythonProj/configchk/src/AppMain.py - <module>(21) : get connection ...
2019-01-02 03:23:04,427- INFO - F:/Work/PythonProj/configchk/src/AppMain.py - <module>(26) : get qconfig data ...
2019-01-02 03:23:04,461- INFO - F:/Work/PythonProj/configchk/src/AppMain.py - <module>(30) : load config.ini ...
2019-01-02 03:23:04,467- INFO - F:/Work/PythonProj/configchk/src/AppMain.py - <module>(34) : start check ...
2019-01-02 03:23:04,470- INFO - F:/Work/PythonProj/configchk/src\check\CheckConfig.py - check_row(49) : ServerAddress row is config error ...
2019-01-02 03:23:04,471- INFO - F:/Work/PythonProj/configchk/src/AppMain.py - <module>(39) : error config row are :['ServerAddress']
2019-01-02 03:23:20,105- INFO - F:/Work/PythonProj/configchk/src/AppMain.py - <module>(18) : start check config table ...
2019-01-02 03:23:20,107- INFO - F:/Work/PythonProj/configchk/src/AppMain.py - <module>(21) : get connection ...
2019-01-02 03:23:21,132- INFO - F:/Work/PythonProj/configchk/src/AppMain.py - <module>(26) : get qconfig data ...
2019-01-02 03:23:21,150- INFO - F:/Work/PythonProj/configchk/src/AppMain.py - <module>(30) : load config.ini ...
2019-01-02 03:23:21,151- INFO - F:/Work/PythonProj/configchk/src/AppMain.py - <module>(34) : start check ...
2019-01-02 03:23:21,154- INFO - F:/Work/PythonProj/configchk/src\check\CheckConfig.py - check_row(49) : ServerAddress row is config error ...
2019-01-02 03:23:21,154- INFO - F:/Work/PythonProj/configchk/src/AppMain.py - <module>(39) : error config row are :['ServerAddress']
2019-01-02 03:23:31,392- INFO - F:/Work/PythonProj/configchk/src/AppMain.py - <module>(18) : start check config table ...
2019-01-02 03:23:31,394- INFO - F:/Work/PythonProj/configchk/src/AppMain.py - <module>(21) : get connection ...
2019-01-02 03:23:32,430- INFO - F:/Work/PythonProj/configchk/src/AppMain.py - <module>(26) : get qconfig data ...
2019-01-02 03:23:32,450- INFO - F:/Work/PythonProj/configchk/src/AppMain.py - <module>(30) : load config.ini ...
2019-01-02 03:23:32,453- INFO - F:/Work/PythonProj/configchk/src/AppMain.py - <module>(34) : start check ...
2019-01-02 03:23:32,457- INFO - F:/Work/PythonProj/configchk/src/AppMain.py - <module>(39) : error config row are :[]
2019-01-02 03:24:02,967- INFO - F:/Work/PythonProj/configchk/src/AppMain.py - <module>(18) : start check config table ...
2019-01-02 03:24:02,969- INFO - F:/Work/PythonProj/configchk/src/AppMain.py - <module>(21) : get connection ...
2019-01-02 03:24:03,987- INFO - F:/Work/PythonProj/configchk/src/AppMain.py - <module>(26) : get qconfig data ...
2019-01-02 03:24:04,000- INFO - F:/Work/PythonProj/configchk/src/AppMain.py - <module>(30) : load config.ini ...
2019-01-02 03:24:04,002- INFO - F:/Work/PythonProj/configchk/src/AppMain.py - <module>(34) : start check ...
2019-01-02 03:24:04,005- INFO - F:/Work/PythonProj/configchk/src/AppMain.py - <module>(40) : summary ===>> : error config row are :[]
2019-01-02 03:40:44,000- INFO - F:/Work/PythonProj/configchk/src/AppMain.py - <module>(18) : start check config table ...
2019-01-02 03:40:44,002- INFO - F:/Work/PythonProj/configchk/src/AppMain.py - <module>(21) : get connection ...
2019-01-02 03:40:45,030- INFO - F:/Work/PythonProj/configchk/src/AppMain.py - <module>(26) : get qconfig data ...
2019-01-02 03:40:45,052- INFO - F:/Work/PythonProj/configchk/src/AppMain.py - <module>(30) : load config.ini ...
2019-01-02 03:41:59,964- INFO - F:/Work/PythonProj/configchk/src/AppMain.py - <module>(18) : start check config table ...
2019-01-02 03:41:59,964- INFO - F:/Work/PythonProj/configchk/src/AppMain.py - <module>(21) : get connection ...
2019-01-02 03:42:00,994- INFO - F:/Work/PythonProj/configchk/src/AppMain.py - <module>(26) : get qconfig data ...
2019-01-02 03:42:01,012- INFO - F:/Work/PythonProj/configchk/src/AppMain.py - <module>(30) : load config.ini ...
2019-01-02 03:43:06,131- INFO - F:/Work/PythonProj/configchk/src/AppMain.py - <module>(18) : start check config table ...
2019-01-02 03:43:06,132- INFO - F:/Work/PythonProj/configchk/src/AppMain.py - <module>(21) : get connection ...
2019-01-02 03:43:07,157- INFO - F:/Work/PythonProj/configchk/src/AppMain.py - <module>(26) : get qconfig data ...
2019-01-02 03:43:07,165- INFO - F:/Work/PythonProj/configchk/src/AppMain.py - <module>(30) : load config.ini ...
2019-01-02 03:43:34,802- INFO - F:/Work/PythonProj/configchk/src/AppMain.py - <module>(18) : start check config table ...
2019-01-02 03:43:34,802- INFO - F:/Work/PythonProj/configchk/src/AppMain.py - <module>(21) : get connection ...
2019-01-02 03:43:35,834- INFO - F:/Work/PythonProj/configchk/src/AppMain.py - <module>(26) : get qconfig data ...
2019-01-02 03:43:35,859- INFO - F:/Work/PythonProj/configchk/src/AppMain.py - <module>(30) : load config.ini ...
2019-01-02 03:43:47,184- INFO - F:/Work/PythonProj/configchk/src/AppMain.py - <module>(18) : start check config table ...
2019-01-02 03:43:47,186- INFO - F:/Work/PythonProj/configchk/src/AppMain.py - <module>(21) : get connection ...
2019-01-02 03:43:48,207- INFO - F:/Work/PythonProj/configchk/src/AppMain.py - <module>(26) : get qconfig data ...
2019-01-02 03:43:48,217- INFO - F:/Work/PythonProj/configchk/src/AppMain.py - <module>(30) : load config.ini ...
2019-01-02 03:45:30,068- INFO - F:/Work/PythonProj/configchk/src/AppMain.py - <module>(18) : start check config table ...
2019-01-02 03:45:30,069- INFO - F:/Work/PythonProj/configchk/src/AppMain.py - <module>(21) : get connection ...
2019-01-02 03:45:31,085- INFO - F:/Work/PythonProj/configchk/src/AppMain.py - <module>(26) : get qconfig data ...
2019-01-02 03:45:31,092- INFO - F:/Work/PythonProj/configchk/src/AppMain.py - <module>(30) : load config.ini ...
2019-01-02 03:46:00,849- INFO - F:/Work/PythonProj/configchk/src/AppMain.py - <module>(18) : start check config table ...
2019-01-02 03:46:00,851- INFO - F:/Work/PythonProj/configchk/src/AppMain.py - <module>(21) : get connection ...
2019-01-02 03:46:01,867- INFO - F:/Work/PythonProj/configchk/src/AppMain.py - <module>(26) : get qconfig data ...
2019-01-02 03:46:01,875- INFO - F:/Work/PythonProj/configchk/src/AppMain.py - <module>(30) : load config.ini ...
2019-01-02 03:46:50,229- INFO - F:/Work/PythonProj/configchk/src/AppMain.py - <module>(18) : start check config table ...
2019-01-02 03:46:50,229- INFO - F:/Work/PythonProj/configchk/src/AppMain.py - <module>(21) : get connection ...
2019-01-02 03:46:51,246- INFO - F:/Work/PythonProj/configchk/src/AppMain.py - <module>(26) : get qconfig data ...
2019-01-02 03:46:51,255- INFO - F:/Work/PythonProj/configchk/src/AppMain.py - <module>(30) : load config.ini ...
2019-01-02 03:46:51,256- INFO - F:/Work/PythonProj/configchk/src/AppMain.py - <module>(34) : start check ...
2019-01-02 03:46:51,257- INFO - F:/Work/PythonProj/configchk/src/AppMain.py - <module>(40) : summary ===>> : error config row are :[]
2019-01-02 03:51:08,032- INFO - F:/Work/PythonProj/configchk/src/AppMain.py - <module>(18) : start check config table ...
2019-01-02 03:51:08,032- INFO - F:/Work/PythonProj/configchk/src/AppMain.py - <module>(21) : get connection ...
2019-01-02 03:51:09,059- INFO - F:/Work/PythonProj/configchk/src/AppMain.py - <module>(26) : get qconfig data ...
2019-01-02 03:51:09,086- INFO - F:/Work/PythonProj/configchk/src/AppMain.py - <module>(30) : load config.ini ...
2019-01-02 03:51:09,088- INFO - F:/Work/PythonProj/configchk/src/AppMain.py - <module>(34) : start check ...
2019-01-02 03:51:09,092- INFO - F:/Work/PythonProj/configchk/src/AppMain.py - <module>(40) : summary ===>> : error config row are :[]
2019-01-02 03:51:15,313- INFO - F:/Work/PythonProj/configchk/src/AppMain.py - <module>(18) : start check config table ...
2019-01-02 03:51:15,315- INFO - F:/Work/PythonProj/configchk/src/AppMain.py - <module>(21) : get connection ...
2019-01-02 03:51:16,341- INFO - F:/Work/PythonProj/configchk/src/AppMain.py - <module>(26) : get qconfig data ...
2019-01-02 03:51:16,361- INFO - F:/Work/PythonProj/configchk/src/AppMain.py - <module>(30) : load config.ini ...
2019-01-02 03:51:16,365- INFO - F:/Work/PythonProj/configchk/src/AppMain.py - <module>(34) : start check ...
2019-01-02 03:51:20,046- INFO - F:/Work/PythonProj/configchk/src/AppMain.py - <module>(40) : summary ===>> : error config row are :[]
2019-01-02 03:51:26,624- INFO - F:/Work/PythonProj/configchk/src/AppMain.py - <module>(18) : start check config table ...
2019-01-02 03:51:26,625- INFO - F:/Work/PythonProj/configchk/src/AppMain.py - <module>(21) : get connection ...
2019-01-02 03:51:27,644- INFO - F:/Work/PythonProj/configchk/src/AppMain.py - <module>(26) : get qconfig data ...
2019-01-02 03:51:27,671- INFO - F:/Work/PythonProj/configchk/src/AppMain.py - <module>(30) : load config.ini ...
2019-01-02 03:51:27,674- INFO - F:/Work/PythonProj/configchk/src/AppMain.py - <module>(34) : start check ...
2019-01-02 03:51:31,821- INFO - F:/Work/PythonProj/configchk/src/AppMain.py - <module>(40) : summary ===>> : error config row are :[]
2019-01-02 03:53:07,118- INFO - F:/Work/PythonProj/configchk/src/AppMain.py - <module>(18) : start check config table ...
2019-01-02 03:53:07,119- INFO - F:/Work/PythonProj/configchk/src/AppMain.py - <module>(21) : get connection ...
2019-01-02 03:53:08,144- INFO - F:/Work/PythonProj/configchk/src/AppMain.py - <module>(26) : get qconfig data ...
2019-01-02 03:53:08,161- INFO - F:/Work/PythonProj/configchk/src/AppMain.py - <module>(30) : load config.ini ...
2019-01-02 03:53:08,163- INFO - F:/Work/PythonProj/configchk/src/AppMain.py - <module>(34) : start check ...
2019-01-02 03:53:08,164- INFO - F:/Work/PythonProj/configchk/src/AppMain.py - <module>(40) : summary ===>> : error config row are :[]
2019-01-02 04:01:38,275- INFO - F:/Work/PythonProj/configchk/src/AppMain.py - <module>(19) : start check config table ...
2019-01-02 04:01:38,276- INFO - F:/Work/PythonProj/configchk/src/AppMain.py - <module>(22) : get connection ...
2019-01-02 04:01:39,305- INFO - F:/Work/PythonProj/configchk/src/AppMain.py - <module>(27) : get qconfig data ...
2019-01-02 04:01:39,325- INFO - F:/Work/PythonProj/configchk/src/AppMain.py - <module>(31) : load config.ini ...
2019-01-02 04:01:39,328- INFO - F:/Work/PythonProj/configchk/src/AppMain.py - <module>(35) : start check ...
2019-01-02 04:01:39,328- INFO - F:/Work/PythonProj/configchk/src/AppMain.py - <module>(41) : summary ===>> : error config row are :[]
2019-01-02 04:01:51,648- INFO - F:/Work/PythonProj/configchk/src/AppMain.py - <module>(19) : start check config table ...
2019-01-02 04:01:51,648- INFO - F:/Work/PythonProj/configchk/src/AppMain.py - <module>(22) : get connection ...
2019-01-02 04:01:52,665- INFO - F:/Work/PythonProj/configchk/src/AppMain.py - <module>(27) : get qconfig data ...
2019-01-02 04:01:52,684- INFO - F:/Work/PythonProj/configchk/src/AppMain.py - <module>(31) : load config.ini ...
2019-01-02 04:01:52,684- INFO - F:/Work/PythonProj/configchk/src/AppMain.py - <module>(35) : start check ...
2019-01-02 04:01:52,686- INFO - F:/Work/PythonProj/configchk/src/AppMain.py - <module>(41) : summary ===>> : error config row are :[]
2019-01-02 04:02:46,242- INFO - F:/Work/PythonProj/configchk/src/AppMain.py - <module>(20) : start check config table ...
2019-01-02 04:02:46,243- INFO - F:/Work/PythonProj/configchk/src/AppMain.py - <module>(23) : get connection ...
2019-01-02 04:02:47,257- INFO - F:/Work/PythonProj/configchk/src/AppMain.py - <module>(28) : get qconfig data ...
2019-01-02 04:02:47,266- INFO - F:/Work/PythonProj/configchk/src/AppMain.py - <module>(32) : load config.ini ...
2019-01-02 04:02:47,266- INFO - F:/Work/PythonProj/configchk/src/AppMain.py - <module>(36) : start check ...
2019-01-02 04:02:47,267- INFO - F:/Work/PythonProj/configchk/src/AppMain.py - <module>(42) : summary ===>> : error config row are :[]
2019-01-02 04:03:03,865- INFO - F:/Work/PythonProj/configchk/src/AppMain.py - <module>(20) : start check config table ...
2019-01-02 04:03:03,865- INFO - F:/Work/PythonProj/configchk/src/AppMain.py - <module>(23) : get connection ...
2019-01-02 04:03:04,887- INFO - F:/Work/PythonProj/configchk/src/AppMain.py - <module>(28) : get qconfig data ...
2019-01-02 04:03:04,904- INFO - F:/Work/PythonProj/configchk/src/AppMain.py - <module>(32) : load config.ini ...
2019-01-02 04:03:04,904- INFO - F:/Work/PythonProj/configchk/src/AppMain.py - <module>(36) : start check ...
2019-01-02 04:03:04,905- INFO - F:/Work/PythonProj/configchk/src/AppMain.py - <module>(42) : summary ===>> : error config row are :[]
2019-01-02 04:03:14,710- INFO - F:/Work/PythonProj/configchk/src/AppMain.py - <module>(20) : start check config table ...
2019-01-02 04:03:14,710- INFO - F:/Work/PythonProj/configchk/src/AppMain.py - <module>(23) : get connection ...
2019-01-02 04:03:15,727- INFO - F:/Work/PythonProj/configchk/src/AppMain.py - <module>(28) : get qconfig data ...
2019-01-02 04:03:15,747- INFO - F:/Work/PythonProj/configchk/src/AppMain.py - <module>(32) : load config.ini ...
2019-01-02 04:03:15,750- INFO - F:/Work/PythonProj/configchk/src/AppMain.py - <module>(36) : start check ...
2019-01-02 04:03:15,750- INFO - F:/Work/PythonProj/configchk/src/AppMain.py - <module>(42) : summary ===>> : error config row are :[]
2019-01-02 04:03:48,967- INFO - F:/Work/PythonProj/configchk/src/AppMain.py - <module>(20) : start check config table ...
2019-01-02 04:03:48,969- INFO - F:/Work/PythonProj/configchk/src/AppMain.py - <module>(23) : get connection ...
2019-01-02 04:03:50,000- INFO - F:/Work/PythonProj/configchk/src/AppMain.py - <module>(28) : get qconfig data ...
2019-01-02 04:03:50,026- INFO - F:/Work/PythonProj/configchk/src/AppMain.py - <module>(32) : load config.ini ...
2019-01-02 04:03:50,029- INFO - F:/Work/PythonProj/configchk/src/AppMain.py - <module>(36) : start check ...
2019-01-02 04:03:50,030- INFO - F:/Work/PythonProj/configchk/src/AppMain.py - <module>(42) : summary ===>> : error config row are :[]
2019-01-02 04:11:13,091- INFO - F:/Work/PythonProj/configchk/src/AppMain.py - <module>(18) : start check config table ...
2019-01-02 04:11:13,092- INFO - F:/Work/PythonProj/configchk/src/AppMain.py - <module>(21) : get connection ...
2019-01-02 04:11:14,119- INFO - F:/Work/PythonProj/configchk/src/AppMain.py - <module>(26) : get qconfig data ...
2019-01-02 04:11:14,134- INFO - F:/Work/PythonProj/configchk/src/AppMain.py - <module>(30) : load config.ini ...
2019-01-02 04:11:14,135- INFO - F:/Work/PythonProj/configchk/src/AppMain.py - <module>(34) : start check ...
2019-01-02 04:11:34,374- INFO - F:/Work/PythonProj/configchk/src/AppMain.py - <module>(18) : start check config table ...
2019-01-02 04:11:34,374- INFO - F:/Work/PythonProj/configchk/src/AppMain.py - <module>(21) : get connection ...
2019-01-02 04:11:35,398- INFO - F:/Work/PythonProj/configchk/src/AppMain.py - <module>(26) : get qconfig data ...
2019-01-02 04:11:35,407- INFO - F:/Work/PythonProj/configchk/src/AppMain.py - <module>(30) : load config.ini ...
2019-01-02 04:11:35,407- INFO - F:/Work/PythonProj/configchk/src/AppMain.py - <module>(34) : start check ...
2019-01-02 04:11:44,696- INFO - F:/Work/PythonProj/configchk/src/AppMain.py - <module>(18) : start check config table ...
2019-01-02 04:11:44,696- INFO - F:/Work/PythonProj/configchk/src/AppMain.py - <module>(21) : get connection ...
2019-01-02 04:11:45,723- INFO - F:/Work/PythonProj/configchk/src/AppMain.py - <module>(26) : get qconfig data ...
2019-01-02 04:11:45,740- INFO - F:/Work/PythonProj/configchk/src/AppMain.py - <module>(30) : load config.ini ...
2019-01-02 04:11:45,742- INFO - F:/Work/PythonProj/configchk/src/AppMain.py - <module>(34) : start check ...
2019-01-02 04:11:45,743- INFO - F:/Work/PythonProj/configchk/src/AppMain.py - <module>(40) : summary ===>> : error config row are :[]
2019-01-02 04:36:59,032- INFO - F:/Work/PythonProj/configchk/src/AppMain.py - <module>(18) : start check config table ...
2019-01-02 04:36:59,032- INFO - F:/Work/PythonProj/configchk/src/AppMain.py - <module>(21) : get connection ...
2019-01-02 04:37:00,061- INFO - F:/Work/PythonProj/configchk/src/AppMain.py - <module>(26) : get qconfig data ...
2019-01-02 04:37:00,086- INFO - F:/Work/PythonProj/configchk/src/AppMain.py - <module>(30) : load config.ini ...
2019-01-02 04:37:00,088- INFO - F:/Work/PythonProj/configchk/src/AppMain.py - <module>(34) : start check ...
2019-01-02 04:37:00,088- INFO - F:/Work/PythonProj/configchk/src\check\CheckConfig.py - check_row(147) : SaveDialCsv row is config error ...
2019-01-02 04:37:00,089- INFO - F:/Work/PythonProj/configchk/src\check\CheckConfig.py - check_row(147) : ServerAddress row is config error ...
2019-01-02 04:37:00,089- INFO - F:/Work/PythonProj/configchk/src/AppMain.py - <module>(40) : summary ===>> : error config row are :['SaveDialCsv', 'ServerAddress']
2019-01-02 04:37:52,456- INFO - F:/Work/PythonProj/configchk/src/AppMain.py - <module>(18) : start check config table ...
2019-01-02 04:37:52,456- INFO - F:/Work/PythonProj/configchk/src/AppMain.py - <module>(21) : get connection ...
2019-01-02 04:37:53,490- INFO - F:/Work/PythonProj/configchk/src/AppMain.py - <module>(26) : get qconfig data ...
2019-01-02 04:37:53,500- INFO - F:/Work/PythonProj/configchk/src/AppMain.py - <module>(30) : load config.ini ...
2019-01-02 04:37:53,500- INFO - F:/Work/PythonProj/configchk/src/AppMain.py - <module>(34) : start check ...
2019-01-02 04:38:04,358- INFO - F:/Work/PythonProj/configchk/src\check\CheckConfig.py - check_row(147) : SaveDialCsv row is config error ...
2019-01-02 04:38:06,934- INFO - F:/Work/PythonProj/configchk/src\check\CheckConfig.py - check_row(147) : ServerAddress row is config error ...
2019-01-02 04:38:06,934- INFO - F:/Work/PythonProj/configchk/src/AppMain.py - <module>(40) : summary ===>> : error config row are :['SaveDialCsv', 'ServerAddress']
2019-01-02 04:38:53,609- INFO - F:/Work/PythonProj/configchk/src/AppMain.py - <module>(18) : start check config table ...
2019-01-02 04:38:53,609- INFO - F:/Work/PythonProj/configchk/src/AppMain.py - <module>(21) : get connection ...
2019-01-02 04:38:54,640- INFO - F:/Work/PythonProj/configchk/src/AppMain.py - <module>(26) : get qconfig data ...
2019-01-02 04:38:54,663- INFO - F:/Work/PythonProj/configchk/src/AppMain.py - <module>(30) : load config.ini ...
2019-01-02 04:38:54,664- INFO - F:/Work/PythonProj/configchk/src/AppMain.py - <module>(34) : start check ...
2019-01-02 04:38:54,664- INFO - F:/Work/PythonProj/configchk/src\check\CheckConfig.py - check_row(147) : ServerAddress row is config error ...
2019-01-02 04:38:54,665- INFO - F:/Work/PythonProj/configchk/src/AppMain.py - <module>(40) : summary ===>> : error config row are :['ServerAddress']
2019-01-02 04:39:08,318- INFO - F:/Work/PythonProj/configchk/src/AppMain.py - <module>(18) : start check config table ...
2019-01-02 04:39:08,318- INFO - F:/Work/PythonProj/configchk/src/AppMain.py - <module>(21) : get connection ...
2019-01-02 04:39:09,348- INFO - F:/Work/PythonProj/configchk/src/AppMain.py - <module>(26) : get qconfig data ...
2019-01-02 04:39:09,371- INFO - F:/Work/PythonProj/configchk/src/AppMain.py - <module>(30) : load config.ini ...
2019-01-02 04:39:09,372- INFO - F:/Work/PythonProj/configchk/src/AppMain.py - <module>(34) : start check ...
2019-01-02 04:39:38,326- INFO - F:/Work/PythonProj/configchk/src\check\CheckConfig.py - check_row(147) : ServerAddress row is config error ...
2019-01-02 04:39:38,326- INFO - F:/Work/PythonProj/configchk/src/AppMain.py - <module>(40) : summary ===>> : error config row are :['ServerAddress']
2019-01-02 04:39:49,648- INFO - F:/Work/PythonProj/configchk/src/AppMain.py - <module>(18) : start check config table ...
2019-01-02 04:39:49,648- INFO - F:/Work/PythonProj/configchk/src/AppMain.py - <module>(21) : get connection ...
2019-01-02 04:39:50,667- INFO - F:/Work/PythonProj/configchk/src/AppMain.py - <module>(26) : get qconfig data ...
2019-01-02 04:39:50,688- INFO - F:/Work/PythonProj/configchk/src/AppMain.py - <module>(30) : load config.ini ...
2019-01-02 04:39:50,691- INFO - F:/Work/PythonProj/configchk/src/AppMain.py - <module>(34) : start check ...
2019-01-02 04:40:13,493- INFO - F:/Work/PythonProj/configchk/src\check\CheckConfig.py - check_row(147) : ServerAddress row is config error ...
2019-01-02 04:40:13,493- INFO - F:/Work/PythonProj/configchk/src/AppMain.py - <module>(40) : summary ===>> : error config row are :['ServerAddress']
2019-01-02 04:40:18,418- INFO - F:/Work/PythonProj/configchk/src/AppMain.py - <module>(18) : start check config table ...
2019-01-02 04:40:18,418- INFO - F:/Work/PythonProj/configchk/src/AppMain.py - <module>(21) : get connection ...
2019-01-02 04:40:19,434- INFO - F:/Work/PythonProj/configchk/src/AppMain.py - <module>(26) : get qconfig data ...
2019-01-02 04:40:19,443- INFO - F:/Work/PythonProj/configchk/src/AppMain.py - <module>(30) : load config.ini ...
2019-01-02 04:40:19,444- INFO - F:/Work/PythonProj/configchk/src/AppMain.py - <module>(34) : start check ...
2019-01-02 04:40:57,285- INFO - F:/Work/PythonProj/configchk/src\check\CheckConfig.py - check_row(147) : ServerAddress row is config error ...
2019-01-02 04:40:57,286- INFO - F:/Work/PythonProj/configchk/src/AppMain.py - <module>(40) : summary ===>> : error config row are :['ServerAddress']
2019-01-02 04:41:03,434- INFO - F:/Work/PythonProj/configchk/src/AppMain.py - <module>(18) : start check config table ...
2019-01-02 04:41:03,434- INFO - F:/Work/PythonProj/configchk/src/AppMain.py - <module>(21) : get connection ...
2019-01-02 04:41:04,460- INFO - F:/Work/PythonProj/configchk/src/AppMain.py - <module>(26) : get qconfig data ...
2019-01-02 04:41:04,480- INFO - F:/Work/PythonProj/configchk/src/AppMain.py - <module>(30) : load config.ini ...
2019-01-02 04:41:04,482- INFO - F:/Work/PythonProj/configchk/src/AppMain.py - <module>(34) : start check ...
2019-01-02 04:41:12,974- INFO - F:/Work/PythonProj/configchk/src\check\CheckConfig.py - check_row(147) : ServerAddress row is config error ...
2019-01-02 04:41:12,974- INFO - F:/Work/PythonProj/configchk/src/AppMain.py - <module>(40) : summary ===>> : error config row are :['ServerAddress']
2019-01-02 04:42:19,099- INFO - F:/Work/PythonProj/configchk/src/AppMain.py - <module>(18) : start check config table ...
2019-01-02 04:42:19,099- INFO - F:/Work/PythonProj/configchk/src/AppMain.py - <module>(21) : get connection ...
2019-01-02 04:42:20,125- INFO - F:/Work/PythonProj/configchk/src/AppMain.py - <module>(26) : get qconfig data ...
2019-01-02 04:42:20,148- INFO - F:/Work/PythonProj/configchk/src/AppMain.py - <module>(30) : load config.ini ...
2019-01-02 04:42:20,151- INFO - F:/Work/PythonProj/configchk/src/AppMain.py - <module>(34) : start check ...
2019-01-02 04:42:20,153- INFO - F:/Work/PythonProj/configchk/src\check\CheckConfig.py - check_row(147) : ServerAddress row is config error ...
2019-01-02 04:42:20,154- INFO - F:/Work/PythonProj/configchk/src/AppMain.py - <module>(40) : summary ===>> : error config row are :['ServerAddress']
2019-01-02 04:42:26,196- INFO - F:/Work/PythonProj/configchk/src/AppMain.py - <module>(18) : start check config table ...
2019-01-02 04:42:26,196- INFO - F:/Work/PythonProj/configchk/src/AppMain.py - <module>(21) : get connection ...
2019-01-02 04:42:27,214- INFO - F:/Work/PythonProj/configchk/src/AppMain.py - <module>(26) : get qconfig data ...
2019-01-02 04:42:27,232- INFO - F:/Work/PythonProj/configchk/src/AppMain.py - <module>(30) : load config.ini ...
2019-01-02 04:42:27,233- INFO - F:/Work/PythonProj/configchk/src/AppMain.py - <module>(34) : start check ...
2019-01-02 04:42:34,869- INFO - F:/Work/PythonProj/configchk/src\check\CheckConfig.py - check_row(147) : ServerAddress row is config error ...
2019-01-02 04:42:34,869- INFO - F:/Work/PythonProj/configchk/src/AppMain.py - <module>(40) : summary ===>> : error config row are :['ServerAddress']
2019-01-02 04:42:43,473- INFO - F:/Work/PythonProj/configchk/src/AppMain.py - <module>(18) : start check config table ...
2019-01-02 04:42:43,473- INFO - F:/Work/PythonProj/configchk/src/AppMain.py - <module>(21) : get connection ...
2019-01-02 04:42:44,502- INFO - F:/Work/PythonProj/configchk/src/AppMain.py - <module>(26) : get qconfig data ...
2019-01-02 04:42:44,526- INFO - F:/Work/PythonProj/configchk/src/AppMain.py - <module>(30) : load config.ini ...
2019-01-02 04:42:44,529- INFO - F:/Work/PythonProj/configchk/src/AppMain.py - <module>(34) : start check ...
2019-01-02 04:43:13,055- INFO - F:/Work/PythonProj/configchk/src/AppMain.py - <module>(40) : summary ===>> : error config row are :[]
2019-01-02 04:43:59,838- INFO - F:/Work/PythonProj/configchk/src/AppMain.py - <module>(18) : start check config table ...
2019-01-02 04:43:59,838- INFO - F:/Work/PythonProj/configchk/src/AppMain.py - <module>(21) : get connection ...
2019-01-02 04:44:00,865- INFO - F:/Work/PythonProj/configchk/src/AppMain.py - <module>(26) : get qconfig data ...
2019-01-02 04:44:00,875- INFO - F:/Work/PythonProj/configchk/src/AppMain.py - <module>(30) : load config.ini ...
2019-01-02 04:44:00,877- INFO - F:/Work/PythonProj/configchk/src/AppMain.py - <module>(34) : start check ...
2019-01-02 04:44:00,877- INFO - F:/Work/PythonProj/configchk/src\check\CheckConfig.py - check_row(147) : ServerAddress row is config error ...
2019-01-02 04:44:00,878- INFO - F:/Work/PythonProj/configchk/src/AppMain.py - <module>(40) : summary ===>> : error config row are :['ServerAddress']
2019-01-02 04:44:26,184- INFO - F:/Work/PythonProj/configchk/src/AppMain.py - <module>(18) : start check config table ...
2019-01-02 04:44:26,184- INFO - F:/Work/PythonProj/configchk/src/AppMain.py - <module>(21) : get connection ...
2019-01-02 04:44:27,213- INFO - F:/Work/PythonProj/configchk/src/AppMain.py - <module>(26) : get qconfig data ...
2019-01-02 04:44:27,239- INFO - F:/Work/PythonProj/configchk/src/AppMain.py - <module>(30) : load config.ini ...
2019-01-02 04:44:27,240- INFO - F:/Work/PythonProj/configchk/src/AppMain.py - <module>(34) : start check ...
2019-01-02 04:44:54,628- INFO - F:/Work/PythonProj/configchk/src/AppMain.py - <module>(40) : summary ===>> : error config row are :[]
2019-01-02 04:45:57,052- INFO - F:/Work/PythonProj/configchk/src/AppMain.py - <module>(18) : start check config table ...
2019-01-02 04:45:57,052- INFO - F:/Work/PythonProj/configchk/src/AppMain.py - <module>(21) : get connection ...
2019-01-02 04:45:58,069- INFO - F:/Work/PythonProj/configchk/src/AppMain.py - <module>(26) : get qconfig data ...
2019-01-02 04:45:58,076- INFO - F:/Work/PythonProj/configchk/src/AppMain.py - <module>(30) : load config.ini ...
2019-01-02 04:45:58,078- INFO - F:/Work/PythonProj/configchk/src/AppMain.py - <module>(34) : start check ...
2019-01-02 04:45:58,081- INFO - F:/Work/PythonProj/configchk/src/AppMain.py - <module>(40) : summary ===>> : error config row are :[]
2019-01-02 04:46:10,450- INFO - F:/Work/PythonProj/configchk/src/AppMain.py - <module>(18) : start check config table ...
2019-01-02 04:46:10,450- INFO - F:/Work/PythonProj/configchk/src/AppMain.py - <module>(21) : get connection ...
2019-01-02 04:46:11,480- INFO - F:/Work/PythonProj/configchk/src/AppMain.py - <module>(26) : get qconfig data ...
2019-01-02 04:46:11,506- INFO - F:/Work/PythonProj/configchk/src/AppMain.py - <module>(30) : load config.ini ...
2019-01-02 04:46:11,509- INFO - F:/Work/PythonProj/configchk/src/AppMain.py - <module>(34) : start check ...
2019-01-02 04:46:11,512- INFO - F:/Work/PythonProj/configchk/src\check\CheckConfig.py - check_row(120) : ServerAddress row is config error ...
2019-01-02 04:46:11,513- INFO - F:/Work/PythonProj/configchk/src/AppMain.py - <module>(40) : summary ===>> : error config row are :['ServerAddress']
2019-01-02 04:46:28,841- INFO - F:/Work/PythonProj/configchk/src/AppMain.py - <module>(18) : start check config table ...
2019-01-02 04:46:28,841- INFO - F:/Work/PythonProj/configchk/src/AppMain.py - <module>(21) : get connection ...
2019-01-02 04:46:29,869- INFO - F:/Work/PythonProj/configchk/src/AppMain.py - <module>(26) : get qconfig data ...
2019-01-02 04:46:29,892- INFO - F:/Work/PythonProj/configchk/src/AppMain.py - <module>(30) : load config.ini ...
2019-01-02 04:46:29,895- INFO - F:/Work/PythonProj/configchk/src/AppMain.py - <module>(34) : start check ...
2019-01-02 04:46:29,901- INFO - F:/Work/PythonProj/configchk/src/AppMain.py - <module>(40) : summary ===>> : error config row are :[]
2019-01-02 04:46:41,233- INFO - F:/Work/PythonProj/configchk/src/AppMain.py - <module>(18) : start check config table ...
2019-01-02 04:46:41,233- INFO - F:/Work/PythonProj/configchk/src/AppMain.py - <module>(21) : get connection ...
2019-01-02 04:46:42,262- INFO - F:/Work/PythonProj/configchk/src/AppMain.py - <module>(26) : get qconfig data ...
2019-01-02 04:46:42,289- INFO - F:/Work/PythonProj/configchk/src/AppMain.py - <module>(30) : load config.ini ...
2019-01-02 04:46:42,292- INFO - F:/Work/PythonProj/configchk/src/AppMain.py - <module>(34) : start check ...
2019-01-02 04:47:21,358- INFO - F:/Work/PythonProj/configchk/src/AppMain.py - <module>(40) : summary ===>> : error config row are :[]
2019-01-02 04:47:30,950- INFO - F:/Work/PythonProj/configchk/src/AppMain.py - <module>(18) : start check config table ...
2019-01-02 04:47:30,951- INFO - F:/Work/PythonProj/configchk/src/AppMain.py - <module>(21) : get connection ...
2019-01-02 04:47:31,980- INFO - F:/Work/PythonProj/configchk/src/AppMain.py - <module>(26) : get qconfig data ...
2019-01-02 04:47:32,010- INFO - F:/Work/PythonProj/configchk/src/AppMain.py - <module>(30) : load config.ini ...
2019-01-02 04:47:32,013- INFO - F:/Work/PythonProj/configchk/src/AppMain.py - <module>(34) : start check ...
2019-01-02 04:47:40,348- INFO - F:/Work/PythonProj/configchk/src/AppMain.py - <module>(40) : summary ===>> : error config row are :[]
2019-01-02 04:48:36,476- INFO - F:/Work/PythonProj/configchk/src/AppMain.py - <module>(18) : start check config table ...
2019-01-02 04:48:36,476- INFO - F:/Work/PythonProj/configchk/src/AppMain.py - <module>(21) : get connection ...
2019-01-02 04:48:37,505- INFO - F:/Work/PythonProj/configchk/src/AppMain.py - <module>(26) : get qconfig data ...
2019-01-02 04:48:37,522- INFO - F:/Work/PythonProj/configchk/src/AppMain.py - <module>(30) : load config.ini ...
2019-01-02 04:48:37,523- INFO - F:/Work/PythonProj/configchk/src/AppMain.py - <module>(34) : start check ...
2019-01-02 04:48:39,282- INFO - F:/Work/PythonProj/configchk/src/AppMain.py - <module>(40) : summary ===>> : error config row are :[]
